Creating test database for alias 'default'...
...............FF......F.C:\Users\cleil\AppData\Local\Packages\PythonSoftwareFoundation.Python.3.12_qbz5n2kfra8p0\LocalCache\local-packages\Python312\site-packages\django\views\generic\list.py:91: UnorderedObjectListWarning: Pagination may yield inconsistent results with an unordered object_list: <class 'prograos.models.Amostra'> QuerySet.
  return self.paginator_class(
.ss........FF.ss.F..
======================================================================
FAIL: test_fluxo_completo_amostra (prograos.tests.IntegrationTest.test_fluxo_completo_amostra)
tests full sample flow
----------------------------------------------------------------------
Traceback (most recent call last):
  File "C:\Users\cleil\Documents\PROJETOS\portfolio_cleilton\portfolio_cleilton\prograos\tests.py", line 376, in test_fluxo_completo_amostra
    self.assertEqual(response.status_code, 302)
AssertionError: 200 != 302

======================================================================
FAIL: test_sistema_auditoria (prograos.tests.IntegrationTest.test_sistema_auditoria)
tests audit system
----------------------------------------------------------------------
Traceback (most recent call last):
  File "C:\Users\cleil\Documents\PROJETOS\portfolio_cleilton\portfolio_cleilton\prograos\tests.py", line 412, in test_sistema_auditoria
    self.assertEqual(response.status_code, 302)
AssertionError: 200 != 302

======================================================================
FAIL: test_amostra_create_view_post (prograos.tests.ViewsTest.test_amostra_create_view_post)
tests sample creation view (post)
----------------------------------------------------------------------
Traceback (most recent call last):
  File "C:\Users\cleil\Documents\PROJETOS\portfolio_cleilton\portfolio_cleilton\prograos\tests.py", line 253, in test_amostra_create_view_post
    self.assertEqual(response.status_code, 302)  # redirect after creation
    ^^^^^^^^^^^^^^^^^^^^^^^^^^^^^^^^^^^^^^^^^^^
AssertionError: 200 != 302

======================================================================
FAIL: test_fluxo_completo_amostra (prograos.tests_simple.IntegrationTest.test_fluxo_completo_amostra)
tests full sample flow
----------------------------------------------------------------------
Traceback (most recent call last):
  File "C:\Users\cleil\Documents\PROJETOS\portfolio_cleilton\portfolio_cleilton\prograos\tests_simple.py", line 189, in test_fluxo_completo_amostra
    self.assertEqual(response.status_code, 302)
AssertionError: 200 != 302

======================================================================
FAIL: test_sistema_auditoria (prograos.tests_simple.IntegrationTest.test_sistema_auditoria)
tests audit system
----------------------------------------------------------------------
Traceback (most recent call last):
  File "C:\Users\cleil\Documents\PROJETOS\portfolio_cleilton\portfolio_cleilton\prograos\tests_simple.py", line 212, in test_sistema_auditoria
    self.assertEqual(response.status_code, 302)
AssertionError: 200 != 302

======================================================================
FAIL: test_amostra_create_view_post (prograos.tests_simple.ViewsTest.test_amostra_create_view_post)
Testa view de criação de amostra (POST)
----------------------------------------------------------------------
Traceback (most recent call last):
  File "C:\Users\cleil\Documents\PROJETOS\portfolio_cleilton\portfolio_cleilton\prograos\tests_simple.py", line 161, in test_amostra_create_view_post
    self.assertEqual(response.status_code, 302)  # redirect after creation
    ^^^^^^^^^^^^^^^^^^^^^^^^^^^^^^^^^^^^^^^^^^^
AssertionError: 200 != 302

----------------------------------------------------------------------
Ran 45 tests in 87.144s

FAILED (failures=6, skipped=4)
Destroying test database for alias 'default'...
Found 45 test(s).
System check identified no issues (0 silenced).
Erro ao conectar com a balança: Porta não encontrada
